(---------------------------------------------------------------------)
(                                                                     )
(    NC DRILL Log                                                     )
(                                                                     )
(    Drawing          : #Taaaadk11520.tmp                             )
(    Software Version : 16.3S042                                      )
(    Date/Time        : Thu Mar 22 10:00:32 2012                      )
(                                                                     )
(---------------------------------------------------------------------)



 Processing NC Parameters file ...

 NC PARAMETERS
 -------------

 FORMAT   		2.5
 MACHINE-OFFSET		x:0.000000	y:0.000000
 FEEDRATE		1
 COORDINATES		ABSOLUTE
 OUTPUT-UNITS		ENGLISH
 TOOL-ORDER		INCREASING
 REPEAT-CODES		YES
 SUPPRESS-LEAD-ZEROES	NO
 SUPPRESS-TRAIL-ZEROES	NO
 SUPPRESS-EQUAL		NO
 TOOL-SELECT		NO
 HEADER			none
 LEADER			12
 CODE			ASCII
 SEPARATE		NO
 OPTIMIZE_DRILLING	NO
 ENHANCED_EXCELLON	NO
 SCALE			1.000000

 WARNING: Design precision is the same as that of the drill output file data.
          Data rounding errors may still be possible.


 Drill files being output to directory 'X:/range_0193/mfg' ...



     'RNRAD1-RF-COMBO-R5-1-4.drl' created for holes connecting TOP and BOTTOM
     ------------------------------------------------------------------------

           Num     Size      +/- Tolerance     Plating   Quantity

            1.  10.0000    3.0000/ 10.0000      PLATED        330
            2.  12.0000    3.0000/ 12.0000      PLATED        633
            3.  18.0000    3.0000/ 18.0000      PLATED         46
            4.  40.0000    3.0000/  3.0000      PLATED          7
            5.  60.0000    3.0000/  3.0000      PLATED         10
            6.  70.0000    3.0000/  3.0000      PLATED         21
            7. 125.0000    3.0000/  3.0000      PLATED          4
            8.  40.0000    3.0000/  3.0000  NON_PLATED          2

     ---- Total holes:                                       1053

     ---- Total head travel:              44.55 feet (13.58 meters)

